<?xml version="1.0" encoding="UTF-8"?>
<!-- Generated by org.testng.reporters.JUnitReportReporter -->
<testsuite hostname="DESKTOP-2FC8JKB" failures="0" tests="2" name="TEST_CLASSES.BaseUtilityKite" time="14.396" errors="0" timestamp="2021-12-25T16:02:25 IST" skipped="1">
  <testcase classname="TEST_CLASSES.BaseUtilityKite" name="Validation" time="14.396"/>
  <system-out>
    <![CDATA[User Id Matched TestId2passed]]>
  </system-out>
  <testcase classname="TEST_CLASSES.BaseUtilityKite" name="errorHandleMsg">
    <skipped/>
  </testcase> <!-- errorHandleMsg -->
  <system-out/>
</testsuite> <!-- TEST_CLASSES.BaseUtilityKite -->
